<?xml version="1.0" encoding="UTF-8"?>
<testng-results ignored="0" total="1" passed="1" failed="0" skipped="0">
  <reporter-output>
  </reporter-output>
  <suite started-at="2022-07-06T15:09:29 IST" name="Default suite" finished-at="2022-07-06T15:09:29 IST" duration-ms="56">
    <groups>
    </groups>
    <test started-at="2022-07-06T15:09:29 IST" name="Default test" finished-at="2022-07-06T15:09:29 IST" duration-ms="56">
      <class name="demo1">
        <test-method signature="demo1()[pri:0, instance:demo1@55536d9e]" started-at="2022-07-06T15:09:29 IST" name="demo1" finished-at="2022-07-06T15:09:29 IST" duration-ms="10" status="PASS">
          <reporter-output>
          </reporter-output>
        </test-method> <!-- demo1 -->
      </class> <!-- demo1 -->
    </test> <!-- Default test -->
  </suite> <!-- Default suite -->
</testng-results>
